<?xml version="1.0" encoding="UTF-8"?>
<Site BuildName="Linux-g++"
	BuildStamp="20230809-1749-Experimental"
	Name="virtualgoody"
	Generator="ctest-3.27.0"
	CompilerName="/usr/bin/g++"
	CompilerVersion="13.1.1"
	OSName="Linux"
	Hostname="virtualgoody"
	OSRelease="6.1.41-1-MANJARO"
	OSVersion="#1 SMP PREEMPT_DYNAMIC Tue Jul 25 09:17:30 UTC 2023"
	OSPlatform="x86_64"
	Is64Bits="1"
	VendorString="AuthenticAMD"
	VendorID="Advanced Micro Devices"
	FamilyID="23"
	ModelID="113"
	ProcessorCacheSize="512"
	NumberOfLogicalCPU="8"
	NumberOfPhysicalCPU="8"
	TotalVirtualMemory="0"
	TotalPhysicalMemory="15963"
	LogicalProcessorsPerPhysical="1"
	ProcessorClockFrequency="3600.09"
	>
	<Testing>
		<StartDateTime>Aug 09 21:52 MSK</StartDateTime>
		<StartTestTime>1691607132</StartTestTime>
		<TestList/>
		<EndDateTime>Aug 09 21:52 MSK</EndDateTime>
		<EndTestTime>1691607132</EndTestTime>
		<ElapsedMinutes>0</ElapsedMinutes>
	</Testing>
</Site>
