<?xml version="1.0" encoding="UTF-8"?>
<Site BuildName="Linux-clang++"
	BuildStamp="20230725-0607-Experimental"
	Name="jay"
	Generator="ctest-3.26.4"
	CompilerName="/usr/bin/clang++"
	CompilerVersion="15.0.7"
	OSName="Linux"
	Hostname="jay"
	OSRelease="6.1.38-1-MANJARO"
	OSVersion="#1 SMP PREEMPT_DYNAMIC Wed Jul  5 23:49:30 UTC 2023"
	OSPlatform="x86_64"
	Is64Bits="1"
	VendorString="AuthenticAMD"
	VendorID="Advanced Micro Devices"
	FamilyID="23"
	ModelID="113"
	ProcessorCacheSize="512"
	NumberOfLogicalCPU="6"
	NumberOfPhysicalCPU="6"
	TotalVirtualMemory="0"
	TotalPhysicalMemory="7943"
	LogicalProcessorsPerPhysical="1"
	ProcessorClockFrequency="3600.09"
	>
	<Testing>
		<StartDateTime>Jul 25 23:11 MSK</StartDateTime>
		<StartTestTime>1690315886</StartTestTime>
		<TestList/>
		<EndDateTime>Jul 25 23:11 MSK</EndDateTime>
		<EndTestTime>1690315886</EndTestTime>
		<ElapsedMinutes>0</ElapsedMinutes>
	</Testing>
</Site>
