<?xml version="1.0" encoding="UTF-8"?>
<Site BuildName="Linux-g++"
	BuildStamp="20230720-0828-Experimental"
	Name="jay"
	Generator="ctest-3.26.4"
	CompilerName="/usr/bin/g++"
	CompilerVersion="13.1.1"
	OSName="Linux"
	Hostname="jay"
	OSRelease="6.1.38-1-MANJARO"
	OSVersion="#1 SMP PREEMPT_DYNAMIC Wed Jul  5 23:49:30 UTC 2023"
	OSPlatform="x86_64"
	Is64Bits="1"
	VendorString="AuthenticAMD"
	VendorID="Advanced Micro Devices"
	FamilyID="23"
	ModelID="113"
	ProcessorCacheSize="512"
	NumberOfLogicalCPU="6"
	NumberOfPhysicalCPU="6"
	TotalVirtualMemory="0"
	TotalPhysicalMemory="23802"
	LogicalProcessorsPerPhysical="1"
	ProcessorClockFrequency="3607.48"
	>
	<Testing>
		<StartDateTime>Jul 20 12:22 MSK</StartDateTime>
		<StartTestTime>1689844958</StartTestTime>
		<TestList/>
		<EndDateTime>Jul 20 12:22 MSK</EndDateTime>
		<EndTestTime>1689844958</EndTestTime>
		<ElapsedMinutes>0</ElapsedMinutes>
	</Testing>
</Site>
