<?xml version="1.0" encoding="UTF-8"?>
<Site BuildName="Linux-g++"
	BuildStamp="20230728-1714-Experimental"
	Name="jay"
	Generator="ctest-3.27.0"
	CompilerName="/usr/bin/g++"
	CompilerVersion="13.1.1"
	OSName="Linux"
	Hostname="jay"
	OSRelease="6.1.41-1-MANJARO"
	OSVersion="#1 SMP PREEMPT_DYNAMIC Tue Jul 25 09:17:30 UTC 2023"
	OSPlatform="x86_64"
	Is64Bits="1"
	VendorString="AuthenticAMD"
	VendorID="Advanced Micro Devices"
	FamilyID="23"
	ModelID="113"
	ProcessorCacheSize="512"
	NumberOfLogicalCPU="6"
	NumberOfPhysicalCPU="6"
	TotalVirtualMemory="0"
	TotalPhysicalMemory="7943"
	LogicalProcessorsPerPhysical="1"
	ProcessorClockFrequency="3600.09"
	>
	<Testing>
		<StartDateTime>Jul 28 22:01 MSK</StartDateTime>
		<StartTestTime>1690570919</StartTestTime>
		<TestList/>
		<EndDateTime>Jul 28 22:01 MSK</EndDateTime>
		<EndTestTime>1690570919</EndTestTime>
		<ElapsedMinutes>0</ElapsedMinutes>
	</Testing>
</Site>
